  Alg_10_11_Kruskala.cpp
C:\Users\final\Desktop\СумДу\2 семестр\VisualStudio\Alg_10_11_Kruskala\Alg_10_11_Kruskala\Alg_10_11_Kruskala.cpp(87,16): warning C4566: символ, представленный универсальным именем символа "\u0413", невозможно представить в текущей кодовой странице (1252)
C:\Users\final\Desktop\СумДу\2 семестр\VisualStudio\Alg_10_11_Kruskala\Alg_10_11_Kruskala\Alg_10_11_Kruskala.cpp(87,16): warning C4566: символ, представленный универсальным именем символа "\u0440", невозможно представить в текущей кодовой странице (1252)
C:\Users\final\Desktop\СумДу\2 семестр\VisualStudio\Alg_10_11_Kruskala\Alg_10_11_Kruskala\Alg_10_11_Kruskala.cpp(87,16): warning C4566: символ, представленный универсальным именем символа "\u0430", невозможно представить в текущей кодовой странице (1252)
C:\Users\final\Desktop\СумДу\2 семестр\VisualStudio\Alg_10_11_Kruskala\Alg_10_11_Kruskala\Alg_10_11_Kruskala.cpp(87,16): warning C4566: символ, представленный универсальным именем символа "\u0444", невозможно представить в текущей кодовой странице (1252)
C:\Users\final\Desktop\СумДу\2 семестр\VisualStudio\Alg_10_11_Kruskala\Alg_10_11_Kruskala\Alg_10_11_Kruskala.cpp(87,16): warning C4566: символ, представленный универсальным именем символа "\u043D", невозможно представить в текущей кодовой странице (1252)
C:\Users\final\Desktop\СумДу\2 семестр\VisualStudio\Alg_10_11_Kruskala\Alg_10_11_Kruskala\Alg_10_11_Kruskala.cpp(87,16): warning C4566: символ, представленный универсальным именем символа "\u0435", невозможно представить в текущей кодовой странице (1252)
C:\Users\final\Desktop\СумДу\2 семестр\VisualStudio\Alg_10_11_Kruskala\Alg_10_11_Kruskala\Alg_10_11_Kruskala.cpp(87,16): warning C4566: символ, представленный универсальным именем символа "\u0437", невозможно представить в текущей кодовой странице (1252)
C:\Users\final\Desktop\СумДу\2 семестр\VisualStudio\Alg_10_11_Kruskala\Alg_10_11_Kruskala\Alg_10_11_Kruskala.cpp(87,16): warning C4566: символ, представленный универсальным именем символа "\u0432", невозможно представить в текущей кодовой странице (1252)
C:\Users\final\Desktop\СумДу\2 семестр\VisualStudio\Alg_10_11_Kruskala\Alg_10_11_Kruskala\Alg_10_11_Kruskala.cpp(87,16): warning C4566: символ, представленный универсальным именем символа "\u044F", невозможно представить в текущей кодовой странице (1252)
C:\Users\final\Desktop\СумДу\2 семестр\VisualStudio\Alg_10_11_Kruskala\Alg_10_11_Kruskala\Alg_10_11_Kruskala.cpp(87,16): warning C4566: символ, представленный универсальным именем символа "\u0438", невозможно представить в текущей кодовой странице (1252)
C:\Users\final\Desktop\СумДу\2 семестр\VisualStudio\Alg_10_11_Kruskala\Alg_10_11_Kruskala\Alg_10_11_Kruskala.cpp(87,16): warning C4566: символ, представленный универсальным именем символа "\u0439", невозможно представить в текущей кодовой странице (1252)
C:\Users\final\Desktop\СумДу\2 семестр\VisualStudio\Alg_10_11_Kruskala\Alg_10_11_Kruskala\Alg_10_11_Kruskala.cpp(87,16): warning C4566: символ, представленный универсальным именем символа "\u0456", невозможно представить в текущей кодовой странице (1252)
C:\Users\final\Desktop\СумДу\2 семестр\VisualStudio\Alg_10_11_Kruskala\Alg_10_11_Kruskala\Alg_10_11_Kruskala.cpp(87,16): warning C4566: символ, представленный универсальным именем символа "\u0441", невозможно представить в текущей кодовой странице (1252)
C:\Users\final\Desktop\СумДу\2 семестр\VisualStudio\Alg_10_11_Kruskala\Alg_10_11_Kruskala\Alg_10_11_Kruskala.cpp(87,16): warning C4566: символ, представленный универсальным именем символа "\u0443", невозможно представить в текущей кодовой странице (1252)
C:\Users\final\Desktop\СумДу\2 семестр\VisualStudio\Alg_10_11_Kruskala\Alg_10_11_Kruskala\Alg_10_11_Kruskala.cpp(87,16): warning C4566: символ, представленный универсальным именем символа "\u0454", невозможно представить в текущей кодовой странице (1252)
C:\Users\final\Desktop\СумДу\2 семестр\VisualStudio\Alg_10_11_Kruskala\Alg_10_11_Kruskala\Alg_10_11_Kruskala.cpp(87,16): warning C4566: символ, представленный универсальным именем символа "\u0431", невозможно представить в текущей кодовой странице (1252)
C:\Users\final\Desktop\СумДу\2 семестр\VisualStudio\Alg_10_11_Kruskala\Alg_10_11_Kruskala\Alg_10_11_Kruskala.cpp(87,16): warning C4566: символ, представленный универсальным именем символа "\u043E", невозможно представить в текущей кодовой странице (1252)
C:\Users\final\Desktop\СумДу\2 семестр\VisualStudio\Alg_10_11_Kruskala\Alg_10_11_Kruskala\Alg_10_11_Kruskala.cpp(90,16): warning C4566: символ, представленный универсальным именем символа "\u0437", невозможно представить в текущей кодовой странице (1252)
C:\Users\final\Desktop\СумДу\2 семестр\VisualStudio\Alg_10_11_Kruskala\Alg_10_11_Kruskala\Alg_10_11_Kruskala.cpp(90,16): warning C4566: символ, представленный универсальным именем символа "\u043D", невозможно представить в текущей кодовой странице (1252)
C:\Users\final\Desktop\СумДу\2 семестр\VisualStudio\Alg_10_11_Kruskala\Alg_10_11_Kruskala\Alg_10_11_Kruskala.cpp(90,16): warning C4566: символ, представленный универсальным именем символа "\u0430", невозможно представить в текущей кодовой странице (1252)
C:\Users\final\Desktop\СумДу\2 семестр\VisualStudio\Alg_10_11_Kruskala\Alg_10_11_Kruskala\Alg_10_11_Kruskala.cpp(90,16): warning C4566: символ, представленный универсальным именем символа "\u0439", невозможно представить в текущей кодовой странице (1252)
C:\Users\final\Desktop\СумДу\2 семестр\VisualStudio\Alg_10_11_Kruskala\Alg_10_11_Kruskala\Alg_10_11_Kruskala.cpp(90,16): warning C4566: символ, представленный универсальным именем символа "\u0434", невозможно представить в текущей кодовой странице (1252)
C:\Users\final\Desktop\СумДу\2 семестр\VisualStudio\Alg_10_11_Kruskala\Alg_10_11_Kruskala\Alg_10_11_Kruskala.cpp(90,16): warning C4566: символ, представленный универсальным именем символа "\u0435", невозможно представить в текущей кодовой странице (1252)
C:\Users\final\Desktop\СумДу\2 семестр\VisualStudio\Alg_10_11_Kruskala\Alg_10_11_Kruskala\Alg_10_11_Kruskala.cpp(90,16): warning C4566: символ, представленный универсальным именем символа "\u043E", невозможно представить в текущей кодовой странице (1252)
C:\Users\final\Desktop\СумДу\2 семестр\VisualStudio\Alg_10_11_Kruskala\Alg_10_11_Kruskala\Alg_10_11_Kruskala.cpp(90,16): warning C4566: символ, представленный универсальным именем символа "\u0417", невозможно представить в текущей кодовой странице (1252)
C:\Users\final\Desktop\СумДу\2 семестр\VisualStudio\Alg_10_11_Kruskala\Alg_10_11_Kruskala\Alg_10_11_Kruskala.cpp(90,16): warning C4566: символ, представленный универсальным именем символа "\u0433", невозможно представить в текущей кодовой странице (1252)
C:\Users\final\Desktop\СумДу\2 семестр\VisualStudio\Alg_10_11_Kruskala\Alg_10_11_Kruskala\Alg_10_11_Kruskala.cpp(90,16): warning C4566: символ, представленный универсальным именем символа "\u043B", невозможно представить в текущей кодовой странице (1252)
C:\Users\final\Desktop\СумДу\2 семестр\VisualStudio\Alg_10_11_Kruskala\Alg_10_11_Kruskala\Alg_10_11_Kruskala.cpp(90,16): warning C4566: символ, представленный универсальным именем символа "\u044C", невозможно представить в текущей кодовой странице (1252)
C:\Users\final\Desktop\СумДу\2 семестр\VisualStudio\Alg_10_11_Kruskala\Alg_10_11_Kruskala\Alg_10_11_Kruskala.cpp(90,16): warning C4566: символ, представленный универсальным именем символа "\u0432", невозможно представить в текущей кодовой странице (1252)
C:\Users\final\Desktop\СумДу\2 семестр\VisualStudio\Alg_10_11_Kruskala\Alg_10_11_Kruskala\Alg_10_11_Kruskala.cpp(91,16): warning C4566: символ, представленный универсальным именем символа "\u0420", невозможно представить в текущей кодовой странице (1252)
C:\Users\final\Desktop\СумДу\2 семестр\VisualStudio\Alg_10_11_Kruskala\Alg_10_11_Kruskala\Alg_10_11_Kruskala.cpp(91,16): warning C4566: символ, представленный универсальным именем символа "\u0435", невозможно представить в текущей кодовой странице (1252)
C:\Users\final\Desktop\СумДу\2 семестр\VisualStudio\Alg_10_11_Kruskala\Alg_10_11_Kruskala\Alg_10_11_Kruskala.cpp(91,16): warning C4566: символ, представленный универсальным именем символа "\u0431", невозможно представить в текущей кодовой странице (1252)
C:\Users\final\Desktop\СумДу\2 семестр\VisualStudio\Alg_10_11_Kruskala\Alg_10_11_Kruskala\Alg_10_11_Kruskala.cpp(91,16): warning C4566: символ, представленный универсальным именем символа "\u0440", невозможно представить в текущей кодовой странице (1252)
C:\Users\final\Desktop\СумДу\2 семестр\VisualStudio\Alg_10_11_Kruskala\Alg_10_11_Kruskala\Alg_10_11_Kruskala.cpp(91,16): warning C4566: символ, представленный универсальным именем символа "\u0430", невозможно представить в текущей кодовой странице (1252)
C:\Users\final\Desktop\СумДу\2 семестр\VisualStudio\Alg_10_11_Kruskala\Alg_10_11_Kruskala\Alg_10_11_Kruskala.cpp(108,25): warning C4566: символ, представленный универсальным именем символа "\u041D", невозможно представить в текущей кодовой странице (1252)
C:\Users\final\Desktop\СумДу\2 семестр\VisualStudio\Alg_10_11_Kruskala\Alg_10_11_Kruskala\Alg_10_11_Kruskala.cpp(108,25): warning C4566: символ, представленный универсальным именем символа "\u0435", невозможно представить в текущей кодовой странице (1252)
C:\Users\final\Desktop\СумДу\2 семестр\VisualStudio\Alg_10_11_Kruskala\Alg_10_11_Kruskala\Alg_10_11_Kruskala.cpp(108,25): warning C4566: символ, представленный универсальным именем символа "\u043F", невозможно представить в текущей кодовой странице (1252)
C:\Users\final\Desktop\СумДу\2 семестр\VisualStudio\Alg_10_11_Kruskala\Alg_10_11_Kruskala\Alg_10_11_Kruskala.cpp(108,25): warning C4566: символ, представленный универсальным именем символа "\u0440", невозможно представить в текущей кодовой странице (1252)
C:\Users\final\Desktop\СумДу\2 семестр\VisualStudio\Alg_10_11_Kruskala\Alg_10_11_Kruskala\Alg_10_11_Kruskala.cpp(108,25): warning C4566: символ, представленный универсальным именем символа "\u0430", невозможно представить в текущей кодовой странице (1252)
C:\Users\final\Desktop\СумДу\2 семестр\VisualStudio\Alg_10_11_Kruskala\Alg_10_11_Kruskala\Alg_10_11_Kruskala.cpp(108,25): warning C4566: символ, представленный универсальным именем символа "\u0432", невозможно представить в текущей кодовой странице (1252)
C:\Users\final\Desktop\СумДу\2 семестр\VisualStudio\Alg_10_11_Kruskala\Alg_10_11_Kruskala\Alg_10_11_Kruskala.cpp(108,25): warning C4566: символ, представленный универсальным именем символа "\u0438", невозможно представить в текущей кодовой странице (1252)
C:\Users\final\Desktop\СумДу\2 семестр\VisualStudio\Alg_10_11_Kruskala\Alg_10_11_Kruskala\Alg_10_11_Kruskala.cpp(108,25): warning C4566: символ, представленный универсальным именем символа "\u043B", невозможно представить в текущей кодовой странице (1252)
C:\Users\final\Desktop\СумДу\2 семестр\VisualStudio\Alg_10_11_Kruskala\Alg_10_11_Kruskala\Alg_10_11_Kruskala.cpp(108,25): warning C4566: символ, представленный универсальным именем символа "\u044C", невозможно представить в текущей кодовой странице (1252)
C:\Users\final\Desktop\СумДу\2 семестр\VisualStudio\Alg_10_11_Kruskala\Alg_10_11_Kruskala\Alg_10_11_Kruskala.cpp(108,25): warning C4566: символ, представленный универсальным именем символа "\u043D", невозможно представить в текущей кодовой странице (1252)
C:\Users\final\Desktop\СумДу\2 семестр\VisualStudio\Alg_10_11_Kruskala\Alg_10_11_Kruskala\Alg_10_11_Kruskala.cpp(108,25): warning C4566: символ, представленный универсальным именем символа "\u0439", невозможно представить в текущей кодовой странице (1252)
C:\Users\final\Desktop\СумДу\2 семестр\VisualStudio\Alg_10_11_Kruskala\Alg_10_11_Kruskala\Alg_10_11_Kruskala.cpp(108,25): warning C4566: символ, представленный универсальным именем символа "\u0444", невозможно представить в текущей кодовой странице (1252)
C:\Users\final\Desktop\СумДу\2 семестр\VisualStudio\Alg_10_11_Kruskala\Alg_10_11_Kruskala\Alg_10_11_Kruskala.cpp(108,25): warning C4566: символ, представленный универсальным именем символа "\u043E", невозможно представить в текущей кодовой странице (1252)
C:\Users\final\Desktop\СумДу\2 семестр\VisualStudio\Alg_10_11_Kruskala\Alg_10_11_Kruskala\Alg_10_11_Kruskala.cpp(108,25): warning C4566: символ, представленный универсальным именем символа "\u043C", невозможно представить в текущей кодовой странице (1252)
C:\Users\final\Desktop\СумДу\2 семестр\VisualStudio\Alg_10_11_Kruskala\Alg_10_11_Kruskala\Alg_10_11_Kruskala.cpp(108,25): warning C4566: символ, представленный универсальным именем символа "\u0442", невозможно представить в текущей кодовой странице (1252)
C:\Users\final\Desktop\СумДу\2 семестр\VisualStudio\Alg_10_11_Kruskala\Alg_10_11_Kruskala\Alg_10_11_Kruskala.cpp(108,25): warning C4566: символ, представленный универсальным именем символа "\u0434", невозможно представить в текущей кодовой странице (1252)
C:\Users\final\Desktop\СумДу\2 семестр\VisualStudio\Alg_10_11_Kruskala\Alg_10_11_Kruskala\Alg_10_11_Kruskala.cpp(108,25): warning C4566: символ, представленный универсальным именем символа "\u0443", невозможно представить в текущей кодовой странице (1252)
C:\Users\final\Desktop\СумДу\2 семестр\VisualStudio\Alg_10_11_Kruskala\Alg_10_11_Kruskala\Alg_10_11_Kruskala.cpp(121,29): warning C4566: символ, представленный универсальным именем символа "\u041D", невозможно представить в текущей кодовой странице (1252)
C:\Users\final\Desktop\СумДу\2 семестр\VisualStudio\Alg_10_11_Kruskala\Alg_10_11_Kruskala\Alg_10_11_Kruskala.cpp(121,29): warning C4566: символ, представленный универсальным именем символа "\u0435", невозможно представить в текущей кодовой странице (1252)
C:\Users\final\Desktop\СумДу\2 семестр\VisualStudio\Alg_10_11_Kruskala\Alg_10_11_Kruskala\Alg_10_11_Kruskala.cpp(121,29): warning C4566: символ, представленный универсальным именем символа "\u043F", невозможно представить в текущей кодовой странице (1252)
C:\Users\final\Desktop\СумДу\2 семестр\VisualStudio\Alg_10_11_Kruskala\Alg_10_11_Kruskala\Alg_10_11_Kruskala.cpp(121,29): warning C4566: символ, представленный универсальным именем символа "\u0440", невозможно представить в текущей кодовой странице (1252)
C:\Users\final\Desktop\СумДу\2 семестр\VisualStudio\Alg_10_11_Kruskala\Alg_10_11_Kruskala\Alg_10_11_Kruskala.cpp(121,29): warning C4566: символ, представленный универсальным именем символа "\u0430", невозможно представить в текущей кодовой странице (1252)
C:\Users\final\Desktop\СумДу\2 семестр\VisualStudio\Alg_10_11_Kruskala\Alg_10_11_Kruskala\Alg_10_11_Kruskala.cpp(121,29): warning C4566: символ, представленный универсальным именем символа "\u0432", невозможно представить в текущей кодовой странице (1252)
C:\Users\final\Desktop\СумДу\2 семестр\VisualStudio\Alg_10_11_Kruskala\Alg_10_11_Kruskala\Alg_10_11_Kruskala.cpp(121,29): warning C4566: символ, представленный универсальным именем символа "\u0438", невозможно представить в текущей кодовой странице (1252)
C:\Users\final\Desktop\СумДу\2 семестр\VisualStudio\Alg_10_11_Kruskala\Alg_10_11_Kruskala\Alg_10_11_Kruskala.cpp(121,29): warning C4566: символ, представленный универсальным именем символа "\u043B", невозможно представить в текущей кодовой странице (1252)
C:\Users\final\Desktop\СумДу\2 семестр\VisualStudio\Alg_10_11_Kruskala\Alg_10_11_Kruskala\Alg_10_11_Kruskala.cpp(121,29): warning C4566: символ, представленный универсальным именем символа "\u044C", невозможно представить в текущей кодовой странице (1252)
C:\Users\final\Desktop\СумДу\2 семестр\VisualStudio\Alg_10_11_Kruskala\Alg_10_11_Kruskala\Alg_10_11_Kruskala.cpp(121,29): warning C4566: символ, представленный универсальным именем символа "\u043D", невозможно представить в текущей кодовой странице (1252)
C:\Users\final\Desktop\СумДу\2 семестр\VisualStudio\Alg_10_11_Kruskala\Alg_10_11_Kruskala\Alg_10_11_Kruskala.cpp(121,29): warning C4566: символ, представленный универсальным именем символа "\u0439", невозможно представить в текущей кодовой странице (1252)
C:\Users\final\Desktop\СумДу\2 семестр\VisualStudio\Alg_10_11_Kruskala\Alg_10_11_Kruskala\Alg_10_11_Kruskala.cpp(121,29): warning C4566: символ, представленный универсальным именем символа "\u0444", невозможно представить в текущей кодовой странице (1252)
C:\Users\final\Desktop\СумДу\2 семестр\VisualStudio\Alg_10_11_Kruskala\Alg_10_11_Kruskala\Alg_10_11_Kruskala.cpp(121,29): warning C4566: символ, представленный универсальным именем символа "\u043E", невозможно представить в текущей кодовой странице (1252)
C:\Users\final\Desktop\СумДу\2 семестр\VisualStudio\Alg_10_11_Kruskala\Alg_10_11_Kruskala\Alg_10_11_Kruskala.cpp(121,29): warning C4566: символ, представленный универсальным именем символа "\u043C", невозможно представить в текущей кодовой странице (1252)
C:\Users\final\Desktop\СумДу\2 семестр\VisualStudio\Alg_10_11_Kruskala\Alg_10_11_Kruskala\Alg_10_11_Kruskala.cpp(121,29): warning C4566: символ, представленный универсальным именем символа "\u0442", невозможно представить в текущей кодовой странице (1252)
C:\Users\final\Desktop\СумДу\2 семестр\VisualStudio\Alg_10_11_Kruskala\Alg_10_11_Kruskala\Alg_10_11_Kruskala.cpp(121,29): warning C4566: символ, представленный универсальным именем символа "\u0431", невозможно представить в текущей кодовой странице (1252)
C:\Users\final\Desktop\СумДу\2 семестр\VisualStudio\Alg_10_11_Kruskala\Alg_10_11_Kruskala\Alg_10_11_Kruskala.cpp(121,29): warning C4566: символ, представленный универсальным именем символа "\u044F", невозможно представить в текущей кодовой странице (1252)
C:\Users\final\Desktop\СумДу\2 семестр\VisualStudio\Alg_10_11_Kruskala\Alg_10_11_Kruskala\Alg_10_11_Kruskala.cpp(121,29): warning C4566: символ, представленный универсальным именем символа "\u0434", невозможно представить в текущей кодовой странице (1252)
C:\Users\final\Desktop\СумДу\2 семестр\VisualStudio\Alg_10_11_Kruskala\Alg_10_11_Kruskala\Alg_10_11_Kruskala.cpp(121,29): warning C4566: символ, представленный универсальным именем символа "\u043A", невозможно представить в текущей кодовой странице (1252)
C:\Users\final\Desktop\СумДу\2 семестр\VisualStudio\Alg_10_11_Kruskala\Alg_10_11_Kruskala\Alg_10_11_Kruskala.cpp(121,29): warning C4566: символ, представленный универсальным именем символа "\u0443", невозможно представить в текущей кодовой странице (1252)
  Alg_10_11_Kruskala.vcxproj -> C:\Users\final\Desktop\СумДу\2 семестр\VisualStudio\Alg_10_11_Kruskala\x64\Debug\Alg_10_11_Kruskala.exe
